<?xml version="1.0" encoding="UTF-8"?>
<!-- Generated by org.testng.reporters.JUnitXMLReporter -->
<testsuite hostname="JAVA" name="Test Case 02" tests="1" failures="1" timestamp="19 Sep 2014 10:00:53 GMT" time="56.644" errors="0">
  <testcase name="forgetPass" time="0.016" classname="PageObjectFunctionTest.wordPress">
    <failure type="java.lang.NullPointerException">
      <![CDATA[java.lang.NullPointerException
	at PageObject.Login.forgetPassword(Login.java:61)
	at PageObjectFunctionTest.wordPress.forgetPass(wordPress.java:47)
... Removed 24 stack frames]]>
    </failure>
  </testcase> <!-- forgetPass -->
</testsuite> <!-- Test Case 02 -->
