<?xml version="1.0" encoding="UTF-8"?>
<!-- Generated by org.testng.reporters.JUnitXMLReporter -->
<testsuite hostname="JAVA" name="Test Case 01" tests="1" failures="1" timestamp="19 Sep 2014 09:46:25 GMT" time="81.175" errors="0">
  <testcase name="updateSettings" time="0.015" classname="PageObjectFunctionTest.wordPress">
    <failure type="java.lang.NullPointerException">
      <![CDATA[java.lang.NullPointerException
	at PageObject.Login.forgetPassword(Login.java:61)
	at PageObjectFunctionTest.wordPress.forgetPass(wordPress.java:47)
	at PageObjectFunctionTest.wordPress.updateSettings(wordPress.java:36)
... Removed 24 stack frames]]>
    </failure>
  </testcase> <!-- updateSettings -->
</testsuite> <!-- Test Case 01 -->
