<?xml version="1.0" encoding="UTF-8"?>
<testng-results skipped="0" failed="0" total="1" passed="1">
  <reporter-output>
  </reporter-output>
  <suite name="Default suite" duration-ms="38928" started-at="2014-09-19T11:01:06Z" finished-at="2014-09-19T11:01:45Z">
    <groups>
    </groups>
    <test name="Default test" duration-ms="38928" started-at="2014-09-19T11:01:06Z" finished-at="2014-09-19T11:01:45Z">
      <class name="persistent.selMaven.FireFoxProfile">
        <test-method status="PASS" signature="f()[pri:0, instance:persistent.selMaven.FireFoxProfile@159742d]" name="f" duration-ms="38928" started-at="2014-09-19T17:01:06Z" finished-at="2014-09-19T17:01:45Z">
          <reporter-output>
          </reporter-output>
        </test-method> <!-- f -->
      </class> <!-- persistent.selMaven.FireFoxProfile -->
    </test> <!-- Default test -->
  </suite> <!-- Default suite -->
</testng-results>
